<?xml version="1.0" encoding="UTF-8"?>
<testng-results skipped="0" failed="0" ignored="0" total="0" passed="0">
  <reporter-output>
  </reporter-output>
  <suite name="Surefire suite" duration-ms="4371" started-at="2021-06-12T19:08:34 GMT" finished-at="2021-06-12T19:08:38 GMT">
    <groups>
    </groups>
    <test name="Surefire test" duration-ms="4371" started-at="2021-06-12T19:08:34 GMT" finished-at="2021-06-12T19:08:38 GMT">
    </test> <!-- Surefire test -->
  </suite> <!-- Surefire suite -->
</testng-results>
